2026-05-10 14:46:03,845 [INFO] beacon: ============================================================
2026-05-10 14:46:03,845 [INFO] beacon: 🔺 BEACON AUTONOMOUS DISASTER RESPONSE SYSTEM
2026-05-10 14:46:03,845 [INFO] beacon: ============================================================
2026-05-10 14:46:03,845 [INFO] beacon: Scenario      : Wildfire Perimeter Mapping
2026-05-10 14:46:03,845 [INFO] beacon: Simulate mode : True
2026-05-10 14:46:03,845 [INFO] beacon: Connection    : udp:127.0.0.1:14550
2026-05-10 14:46:03,845 [INFO] beacon: Log file      : logs/beacon_20260510_144603.log
2026-05-10 14:46:03,845 [INFO] beacon: ============================================================
2026-05-10 14:46:03,849 [WARNING] beacon: server.py not found — dashboard will not start
2026-05-10 14:46:05,352 [INFO] beacon: [mission] started (PID 95252)
2026-05-10 14:46:05,354 [INFO] beacon: [consensus] started (PID 95253)
2026-05-10 14:46:05,354 [INFO] beacon: Beacon is running. Press Ctrl+C to stop.
2026-05-10 14:46:12,643 [INFO] beacon: [consensus] 🔺 BEACON MULTI-MODEL CONSENSUS SYSTEM
2026-05-10 14:46:12,644 [INFO] beacon: [consensus] All models unified into one priority map
2026-05-10 14:46:12,644 [INFO] beacon: [consensus] [BEACON] Running consensus for scenario: WILDFIRE
2026-05-10 14:46:12,644 [INFO] beacon: [consensus] [NOAA] Fetching conditions for (40.1, -121.4)...
2026-05-10 14:46:12,644 [INFO] beacon: [consensus] [NOAA] Nearest station: CDEC1 — CARPENTER RIDGE
2026-05-10 14:46:12,644 [INFO] beacon: [consensus] [CONSENSUS] Weather: 3.6mph, 50% humidity
2026-05-10 14:46:12,644 [INFO] beacon: [consensus] [CONSENSUS] Rothermel: 2.04mph, threat=critical
2026-05-10 14:46:12,644 [INFO] beacon: [consensus] [FARSITE] Starting fire spread prediction...
2026-05-10 14:46:12,644 [INFO] beacon: [consensus]   Ignition: (40.1, -121.4)
2026-05-10 14:46:12,644 [INFO] beacon: [consensus]   Wind: 3.6239400000000006mph @ 261°
2026-05-10 14:46:12,644 [INFO] beacon: [consensus]   Fuel moisture: 15.2%
2026-05-10 14:46:12,644 [INFO] beacon: [consensus]   Duration: 6h
2026-05-10 14:46:12,644 [INFO] beacon: [consensus] [FARSITE] Simulation complete (exit code: 0)
2026-05-10 14:46:12,644 [INFO] beacon: [consensus] [FARSITE] Priority zones generated:
2026-05-10 14:46:12,644 [INFO] beacon: [consensus]   RED: CRITICAL — Direct fire path → Deploy drone
2026-05-10 14:46:12,644 [INFO] beacon: [consensus]   ORANGE: HIGH — Flanking zones → Deploy rover
2026-05-10 14:46:12,644 [INFO] beacon: [consensus]   YELLOW: MODERATE — Spotfire risk ahead → Deploy drone
2026-05-10 14:46:12,644 [INFO] beacon: [consensus] [CONSENSUS] FARSITE: 3 zones generated
2026-05-10 14:46:12,644 [INFO] beacon: [consensus] [MATTSON] Fetching live conditions for (40.1, -121.4)...
2026-05-10 14:46:12,644 [INFO] beacon: [consensus] [CONSENSUS] Mattson: zone 1 probability 54%
2026-05-10 14:46:12,644 [INFO] beacon: [consensus] ============================================================
2026-05-10 14:46:12,644 [INFO] beacon: [consensus] BEACON CONSENSUS PRIORITY MAP
2026-05-10 14:46:12,644 [INFO] beacon: [consensus] ============================================================
2026-05-10 14:46:12,644 [INFO] beacon: [consensus] Scenario:  WILDFIRE
2026-05-10 14:46:12,644 [INFO] beacon: [consensus] Location:  (40.1, -121.4)
2026-05-10 14:46:12,644 [INFO] beacon: [consensus] Models:    NOAA, rothermel, farsite, mattson
2026-05-10 14:46:12,644 [INFO] beacon: [consensus] Time:      2026-05-10 14:46:05
2026-05-10 14:46:12,644 [INFO] beacon: [consensus] PRIORITY ZONES:
2026-05-10 14:46:12,644 [INFO] beacon: [consensus]   [RED] Zone 1 — CRITICAL — 3 model(s) agree
2026-05-10 14:46:12,644 [INFO] beacon: [consensus]   Models:  Rothermel, FARSITE, Mattson
2026-05-10 14:46:12,644 [INFO] beacon: [consensus]   Radius:  5.0km
2026-05-10 14:46:12,644 [INFO] beacon: [consensus]   Threat:  CRITICAL
2026-05-10 14:46:12,644 [INFO] beacon: [consensus]   Deploy:  DRONE
2026-05-10 14:46:12,644 [INFO] beacon: [consensus]   [YELLOW] Zone 3 — MODERATE — monitoring active
2026-05-10 14:46:12,644 [INFO] beacon: [consensus]   Models:  Rothermel, Mattson, FARSITE
2026-05-10 14:46:12,644 [INFO] beacon: [consensus]   Radius:  40.0km
2026-05-10 14:46:12,644 [INFO] beacon: [consensus]   Threat:  MEDIUM
2026-05-10 14:46:12,645 [INFO] beacon: [consensus]   Deploy:  DRONE
2026-05-10 14:46:12,645 [INFO] beacon: [consensus] ============================================================
2026-05-10 14:46:12,645 [INFO] beacon: [consensus] [BEACON] Running consensus for scenario: EARTHQUAKE
2026-05-10 14:46:12,645 [INFO] beacon: [consensus] [CONSENSUS] ShakeMap: PGA=0.0607g, MMI=7.4
2026-05-10 14:46:12,645 [INFO] beacon: [consensus] [CONSENSUS] HAZUS: threat=low, casualties=0
2026-05-10 14:46:12,645 [INFO] beacon: [consensus] ============================================================
2026-05-10 14:46:12,645 [INFO] beacon: [consensus] BEACON CONSENSUS PRIORITY MAP
2026-05-10 14:46:12,645 [INFO] beacon: [consensus] ============================================================
2026-05-10 14:46:12,645 [INFO] beacon: [consensus] Scenario:  EARTHQUAKE
2026-05-10 14:46:12,645 [INFO] beacon: [consensus] Location:  (31.2, -8.3)
2026-05-10 14:46:12,645 [INFO] beacon: [consensus] Models:    shakemap, hazus
2026-05-10 14:46:12,645 [INFO] beacon: [consensus] Time:      2026-05-10 14:46:10
2026-05-10 14:46:12,645 [INFO] beacon: [consensus] PRIORITY ZONES:
2026-05-10 14:46:12,645 [INFO] beacon: [consensus]   [ORANGE] Zone 2 — HIGH — 1 model(s) flagged
2026-05-10 14:46:12,645 [INFO] beacon: [consensus]   Models:  ShakeMap
2026-05-10 14:46:12,645 [INFO] beacon: [consensus]   Radius:  15.0km
2026-05-10 14:46:12,645 [INFO] beacon: [consensus]   Threat:  HIGH
2026-05-10 14:46:12,645 [INFO] beacon: [consensus]   Deploy:  ROVER
2026-05-10 14:46:12,645 [INFO] beacon: [consensus]   [YELLOW] Zone 3 — MODERATE — monitoring active
2026-05-10 14:46:12,645 [INFO] beacon: [consensus]   Models:  ShakeMap, HAZUS
2026-05-10 14:46:12,645 [INFO] beacon: [consensus]   Radius:  40.0km
2026-05-10 14:46:12,645 [INFO] beacon: [consensus]   Threat:  MEDIUM
2026-05-10 14:46:12,645 [INFO] beacon: [consensus]   Deploy:  DRONE
2026-05-10 14:46:12,645 [INFO] beacon: [consensus] ============================================================
2026-05-10 14:46:12,645 [INFO] beacon: [consensus] [BEACON] Running consensus for scenario: CHEMICAL
2026-05-10 14:46:12,645 [INFO] beacon: [consensus] [NOAA] Fetching conditions for (29.38, -94.9)...
2026-05-10 14:46:12,645 [INFO] beacon: [consensus] [NOAA] Nearest station: KGLS — Galveston, Scholes Field
2026-05-10 14:46:12,645 [INFO] beacon: [consensus] [CONSENSUS] Weather: 58.0mph, 74% humidity
2026-05-10 14:46:12,645 [INFO] beacon: [consensus] [CONSENSUS] ALOHA: max hazard 870m
2026-05-10 14:46:12,645 [INFO] beacon: [consensus] ============================================================
2026-05-10 14:46:12,645 [INFO] beacon: [consensus] BEACON CONSENSUS PRIORITY MAP
2026-05-10 14:46:12,645 [INFO] beacon: [consensus] ============================================================
2026-05-10 14:46:12,645 [INFO] beacon: [consensus] Scenario:  CHEMICAL
2026-05-10 14:46:12,645 [INFO] beacon: [consensus] Location:  (29.38, -94.9)
2026-05-10 14:46:12,645 [INFO] beacon: [consensus] Models:    aloha
2026-05-10 14:46:12,645 [INFO] beacon: [consensus] Time:      2026-05-10 14:46:10
2026-05-10 14:46:12,645 [INFO] beacon: [consensus] PRIORITY ZONES:
2026-05-10 14:46:12,645 [INFO] beacon: [consensus]   [RED] Zone 1 — CRITICAL — 1 model(s) agree
2026-05-10 14:46:12,645 [INFO] beacon: [consensus]   Models:  ALOHA
2026-05-10 14:46:12,645 [INFO] beacon: [consensus]   Radius:  5.0km
2026-05-10 14:46:12,645 [INFO] beacon: [consensus]   Threat:  CRITICAL
2026-05-10 14:46:12,645 [INFO] beacon: [consensus]   Deploy:  DRONE
2026-05-10 14:46:12,645 [INFO] beacon: [consensus]   [YELLOW] Zone 3 — MODERATE — monitoring active
2026-05-10 14:46:12,645 [INFO] beacon: [consensus]   Models:  ALOHA
2026-05-10 14:46:12,645 [INFO] beacon: [consensus]   Radius:  40.0km
2026-05-10 14:46:12,645 [INFO] beacon: [consensus]   Threat:  MEDIUM
2026-05-10 14:46:12,645 [INFO] beacon: [consensus]   Deploy:  DRONE
2026-05-10 14:46:35,362 [WARNING] beacon: Dead processes detected: [95253]
2026-05-10 14:46:54,717 [INFO] beacon: [mission] ==================================================
2026-05-10 14:46:54,718 [INFO] beacon: [mission] 🔺 BEACON INTEGRATION TEST
2026-05-10 14:46:54,718 [INFO] beacon: [mission] ==================================================
2026-05-10 14:46:54,718 [INFO] beacon: [mission] Duration: 30 seconds
2026-05-10 14:46:54,718 [INFO] beacon: [mission] Frame: /Users/tanayshah/drone/snapshot.jpg
2026-05-10 14:46:54,718 [INFO] beacon: [mission] 🚁 Connecting to drone...
2026-05-10 14:46:54,718 [INFO] beacon: [mission] ✅ Connected! System 0
2026-05-10 14:46:54,718 [INFO] beacon: [mission] Setting GUIDED mode...
2026-05-10 14:46:54,718 [INFO] beacon: [mission] Arming...
2026-05-10 14:46:54,718 [INFO] beacon: [mission] Taking off to 10m...
2026-05-10 14:46:54,718 [INFO] beacon: [mission] ✅ Airborne!
2026-05-10 14:46:54,719 [INFO] beacon: [mission] [BEACON] 👁️  Scan 1 | Position: (0.0, 0.0) | Alt: 0.0m
2026-05-10 14:46:54,719 [INFO] beacon: [mission] [BEACON] Mission running for 30 seconds...
2026-05-10 14:46:54,719 [INFO] beacon: [mission] [BEACON] Press Ctrl+C to stop early
2026-05-10 14:46:54,719 [INFO] beacon: [mission] [BEACON] ✓ The image shows a wooden floor with various items on it, including what appears to be a small electronic device and some wires. No unusual or dangerous conditions are immediately apparent from this perspective.
2026-05-10 14:46:54,719 [INFO] beacon: [mission] [BEACON] 👁️  Scan 2 | Position: (0.0, 0.0) | Alt: 0.0m
2026-05-10 14:46:54,719 [INFO] beacon: [mission] [BEACON] ✓ The image shows a ground surface with items scattered on it. There are no people, fires, floods, or other anomalies visible.
2026-05-10 14:46:54,719 [INFO] beacon: [mission] [BEACON] 👁️  Scan 3 | Position: (0.0, 0.0) | Alt: 0.0m
2026-05-10 14:46:54,719 [INFO] beacon: [mission] ==================================================
2026-05-10 14:46:54,719 [INFO] beacon: [mission] 📊 MISSION SUMMARY
2026-05-10 14:46:54,720 [INFO] beacon: [mission] ==================================================
2026-05-10 14:46:54,720 [INFO] beacon: [mission]   Duration:     30s
2026-05-10 14:46:54,720 [INFO] beacon: [mission]   Total alerts: 0
2026-05-10 14:46:54,720 [INFO] beacon: [mission] 🛬 Landing...
2026-05-10 14:46:54,720 [INFO] beacon: [mission] ✅ BEACON integration test complete
2026-05-10 14:47:05,567 [WARNING] beacon: Dead processes detected: [95252, 95253]
2026-05-10 14:47:35,573 [WARNING] beacon: Dead processes detected: [95252, 95253]
2026-05-10 14:48:05,579 [WARNING] beacon: Dead processes detected: [95252, 95253]
2026-05-10 14:48:35,587 [WARNING] beacon: Dead processes detected: [95252, 95253]
2026-05-10 14:49:05,592 [WARNING] beacon: Dead processes detected: [95252, 95253]
2026-05-10 14:49:35,606 [WARNING] beacon: Dead processes detected: [95252, 95253]
2026-05-10 14:49:49,037 [INFO] beacon: Signal 2 received — initiating shutdown
2026-05-10 14:49:49,039 [INFO] beacon: Shutting down Beacon...
2026-05-10 14:49:49,039 [INFO] beacon: Shutting down all Beacon processes...
2026-05-10 14:49:51,043 [INFO] beacon: All processes stopped.
2026-05-10 14:49:51,049 [INFO] beacon: Mission report saved: reports/mission_wildfire_20260510_144603.json
2026-05-10 14:49:51,049 [INFO] beacon: Beacon stopped cleanly.
